Building DAG of jobs...
Using shell: /usr/bin/bash
Provided cores: 1 (use --cores to define parallelism)
Rules claiming more threads will be scaled down.
Job stats:
job          count    min threads    max threads
---------  -------  -------------  -------------
qc_report        1              1              1
total            1              1              1

Select jobs to execute...

[Fri Nov  4 11:05:31 2022]
rule qc_report:
    input: ../data/SRR12717711.fastq
    output: ../SRR12717711_qc_report.txt
    jobid: 0
    reason: Missing output files: ../SRR12717711_qc_report.txt
    wildcards: sample=SRR12717711
    resources: tmpdir=/tmp

RuleException in rule qc_report  in line 50 of /home/ars/nsu/bioinformatics/snakemake-files/Snakefile:
NameError: The name 'sample' is unknown in this context. Did you mean 'wildcards.sample'?, when formatting the following:
../FastQC/fastqc {input}; mv ../data/{sample}_fastq.html ../{sample}_qc_report.txt
