Building DAG of jobs...
Using shell: /usr/bin/bash
Provided cores: 1 (use --cores to define parallelism)
Rules claiming more threads will be scaled down.
Job stats:
job                      count    min threads    max threads
---------------------  -------  -------------  -------------
freebayes                    1              1              1
minimap2_mapping             1              1              1
minimap2_ref_indexing        1              1              1
samtools_sort                1              1              1
samtools_view                1              1              1
total                        5              1              1

Select jobs to execute...

[Fri Nov  4 13:08:55 2022]
rule minimap2_ref_indexing:
    input: ../data/GCF_000005845.2_ASM584v2_genomic.fna
    output: ../minimap2-results/GCF_000005845.2_ASM584v2_genomic.mmi
    jobid: 4
    reason: Missing output files: ../minimap2-results/GCF_000005845.2_ASM584v2_genomic.mmi
    wildcards: ref_sample=GCF_000005845.2_ASM584v2_genomic
    resources: tmpdir=/tmp

[Fri Nov  4 13:08:55 2022]
Finished job 4.
1 of 5 steps (20%) done
Select jobs to execute...

[Fri Nov  4 13:08:55 2022]
rule minimap2_mapping:
    input: ../minimap2-results/GCF_000005845.2_ASM584v2_genomic.mmi, ../data/SRR12717711.fastq
    output: ../minimap2-results/GCF_000005845.2_ASM584v2_genomic_SRR12717711.sam
    jobid: 3
    reason: Missing output files: ../minimap2-results/GCF_000005845.2_ASM584v2_genomic_SRR12717711.sam; Input files updated by another job: ../minimap2-results/GCF_000005845.2_ASM584v2_genomic.mmi
    wildcards: ref_sample=GCF_000005845.2_ASM584v2_genomic, sample=SRR12717711
    resources: tmpdir=/tmp

[Fri Nov  4 13:08:56 2022]
Finished job 3.
2 of 5 steps (40%) done
Select jobs to execute...

[Fri Nov  4 13:08:56 2022]
rule samtools_view:
    input: ../minimap2-results/GCF_000005845.2_ASM584v2_genomic_SRR12717711.sam
    output: ../samtools-results/GCF_000005845.2_ASM584v2_genomic_SRR12717711.bam
    jobid: 2
    reason: Missing output files: ../samtools-results/GCF_000005845.2_ASM584v2_genomic_SRR12717711.bam; Input files updated by another job: ../minimap2-results/GCF_000005845.2_ASM584v2_genomic_SRR12717711.sam
    wildcards: ref_sample=GCF_000005845.2_ASM584v2_genomic, sample=SRR12717711
    resources: tmpdir=/tmp

[Fri Nov  4 13:08:57 2022]
Finished job 2.
3 of 5 steps (60%) done
Select jobs to execute...

[Fri Nov  4 13:08:57 2022]
rule samtools_sort:
    input: ../samtools-results/GCF_000005845.2_ASM584v2_genomic_SRR12717711.bam
    output: ../samtools-results/GCF_000005845.2_ASM584v2_genomic_SRR12717711.sortedbam
    jobid: 1
    reason: Missing output files: ../samtools-results/GCF_000005845.2_ASM584v2_genomic_SRR12717711.sortedbam; Input files updated by another job: ../samtools-results/GCF_000005845.2_ASM584v2_genomic_SRR12717711.bam
    wildcards: ref_sample=GCF_000005845.2_ASM584v2_genomic, sample=SRR12717711
    resources: tmpdir=/tmp

[Fri Nov  4 13:08:57 2022]
Finished job 1.
4 of 5 steps (80%) done
Select jobs to execute...

[Fri Nov  4 13:08:57 2022]
rule freebayes:
    input: ../data/GCF_000005845.2_ASM584v2_genomic.fna, ../samtools-results/GCF_000005845.2_ASM584v2_genomic_SRR12717711.sortedbam
    output: ../GCF_000005845.2_ASM584v2_genomic_SRR12717711.vcf
    jobid: 0
    reason: Missing output files: ../GCF_000005845.2_ASM584v2_genomic_SRR12717711.vcf; Input files updated by another job: ../samtools-results/GCF_000005845.2_ASM584v2_genomic_SRR12717711.sortedbam
    wildcards: ref_sample=GCF_000005845.2_ASM584v2_genomic, sample=SRR12717711
    resources: tmpdir=/tmp

Terminating processes on user request, this might take some time.
[Fri Nov  4 13:09:02 2022]
Error in rule freebayes:
    jobid: 0
    output: ../GCF_000005845.2_ASM584v2_genomic_SRR12717711.vcf
    shell:
        freebayes -f ../data/GCF_000005845.2_ASM584v2_genomic.fna ../samtools-results/GCF_000005845.2_ASM584v2_genomic_SRR12717711.sortedbam > ../GCF_000005845.2_ASM584v2_genomic_SRR12717711.vcf
        (one of the commands exited with non-zero exit code; note that snakemake uses bash strict mode!)

Complete log: .snakemake/log/2022-11-04T130855.550343.snakemake.log
