Building DAG of jobs...
Using shell: /usr/bin/bash
Provided cores: 1 (use --cores to define parallelism)
Rules claiming more threads will be scaled down.
Job stats:
job          count    min threads    max threads
---------  -------  -------------  -------------
qc_report        1              1              1
total            1              1              1

Select jobs to execute...

[Fri Nov  4 13:31:22 2022]
rule qc_report:
    input: ../data/SRR12717711.fastq
    output: ../SRR12717711_qc_report.html
    jobid: 0
    reason: Missing output files: ../SRR12717711_qc_report.html
    wildcards: sample=SRR12717711
    resources: tmpdir=/tmp

[Fri Nov  4 13:31:25 2022]
Finished job 0.
1 of 1 steps (100%) done
Complete log: .snakemake/log/2022-11-04T133122.782419.snakemake.log
