Building DAG of jobs...
Using shell: /usr/bin/bash
Provided cores: 1 (use --cores to define parallelism)
Rules claiming more threads will be scaled down.
Job stats:
job          count    min threads    max threads
---------  -------  -------------  -------------
qc_report        1              1              1
total            1              1              1

Select jobs to execute...

[Fri Nov  4 11:08:10 2022]
rule qc_report:
    input: ../data/SRR12717711.fastq
    output: ../SRR12717711_qc_report.txt
    jobid: 0
    reason: Missing output files: ../SRR12717711_qc_report.txt
    wildcards: sample=SRR12717711
    resources: tmpdir=/tmp

[Fri Nov  4 11:08:12 2022]
Error in rule qc_report:
    jobid: 0
    output: ../SRR12717711_qc_report.txt
    shell:
        ../FastQC/fastqc ../data/SRR12717711.fastq ; mv ../data/SRR12717711_fastq.html ../SRR12717711_qc_report.txt
        (one of the commands exited with non-zero exit code; note that snakemake uses bash strict mode!)

Shutting down, this might take some time.
Exiting because a job execution failed. Look above for error message
Complete log: .snakemake/log/2022-11-04T110810.512416.snakemake.log
