Building DAG of jobs...
Using shell: /usr/bin/bash
Provided cores: 1 (use --cores to define parallelism)
Rules claiming more threads will be scaled down.
Job stats:
job                      count    min threads    max threads
---------------------  -------  -------------  -------------
parse_flagstat_result        1              1              1
samtools_flagstat            1              1              1
total                        2              1              1

Select jobs to execute...

[Sun Oct 23 14:22:29 2022]
rule samtools_flagstat:
    input: ../samtools-results/GCF_000005845.2_ASM584v2_genomic_SRR12717711.bam
    output: ../samtools-results/GCF_000005845.2_ASM584v2_genomic_SRR12717711.txt
    jobid: 1
    reason: Missing output files: ../samtools-results/GCF_000005845.2_ASM584v2_genomic_SRR12717711.txt
    wildcards: ref_sample=GCF_000005845.2_ASM584v2_genomic, sample=SRR12717711
    resources: tmpdir=/tmp

[Sun Oct 23 14:22:29 2022]
Finished job 1.
1 of 2 steps (50%) done
Select jobs to execute...

[Sun Oct 23 14:22:29 2022]
rule parse_flagstat_result:
    input: ../samtools-results/GCF_000005845.2_ASM584v2_genomic_SRR12717711.txt
    output: ../GCF_000005845.2_ASM584v2_genomic_SRR12717711_report.txt
    jobid: 0
    reason: Missing output files: ../GCF_000005845.2_ASM584v2_genomic_SRR12717711_report.txt; Input files updated by another job: ../samtools-results/GCF_000005845.2_ASM584v2_genomic_SRR12717711.txt
    wildcards: ref_sample=GCF_000005845.2_ASM584v2_genomic, sample=SRR12717711
    resources: tmpdir=/tmp

[Sun Oct 23 14:22:29 2022]
Finished job 0.
2 of 2 steps (100%) done
Complete log: .snakemake/log/2022-10-23T142229.525355.snakemake.log
