Building DAG of jobs...
Using shell: /usr/bin/bash
Provided cores: 1 (use --cores to define parallelism)
Rules claiming more threads will be scaled down.
Job stats:
job          count    min threads    max threads
---------  -------  -------------  -------------
freebayes        1              1              1
total            1              1              1

Select jobs to execute...

[Fri Nov  4 11:31:27 2022]
rule freebayes:
    input: ../data/GCF_000005845.2_ASM584v2_genomic.fna, ../samtools-results/GCF_000005845.2_ASM584v2_genomic_SRR12717711.sorted.bam
    output: ../GCF_000005845.2_ASM584v2_genomic_SRR12717711.vcf
    jobid: 0
    reason: Missing output files: ../GCF_000005845.2_ASM584v2_genomic_SRR12717711.vcf
    wildcards: ref_sample=GCF_000005845.2_ASM584v2_genomic, sample=SRR12717711
    resources: tmpdir=/tmp

[Fri Nov  4 11:33:14 2022]
Finished job 0.
1 of 1 steps (100%) done
Complete log: .snakemake/log/2022-11-04T113127.247112.snakemake.log
