Building DAG of jobs...
Using shell: /usr/bin/bash
Provided cores: 1 (use --cores to define parallelism)
Rules claiming more threads will be scaled down.
Job stats:
job          count    min threads    max threads
---------  -------  -------------  -------------
freebayes        1              1              1
total            1              1              1

Select jobs to execute...

[Fri Nov  4 11:27:35 2022]
rule freebayes:
    input: ../data/GCF_000005845.2_ASM584v2_genomic.fna, ../samtools-results/GCF_000005845.2_ASM584v2_genomic_SRR12717711.sorted.bam
    output: ../GCF_000005845.2_ASM584v2_genomic_SRR12717711.vcf
    jobid: 0
    reason: Missing output files: ../GCF_000005845.2_ASM584v2_genomic_SRR12717711.vcf
    wildcards: ref_sample=GCF_000005845.2_ASM584v2_genomic, sample=SRR12717711
    resources: tmpdir=/tmp

Terminating processes on user request, this might take some time.
[Fri Nov  4 11:28:39 2022]
Error in rule freebayes:
    jobid: 0
    output: ../GCF_000005845.2_ASM584v2_genomic_SRR12717711.vcf
    shell:
        freebayes -f ../data/GCF_000005845.2_ASM584v2_genomic.fna ../samtools-results/GCF_000005845.2_ASM584v2_genomic_SRR12717711.sorted.bam > ../GCF_000005845.2_ASM584v2_genomic_SRR12717711.vcf
        (one of the commands exited with non-zero exit code; note that snakemake uses bash strict mode!)

Complete log: .snakemake/log/2022-11-04T112734.978662.snakemake.log
