Building DAG of jobs...
Using shell: /usr/bin/bash
Provided cores: 1 (use --cores to define parallelism)
Rules claiming more threads will be scaled down.
Job stats:
job                      count    min threads    max threads
---------------------  -------  -------------  -------------
freebayes                    1              1              1
minimap2_mapping             1              1              1
minimap2_ref_indexing        1              1              1
parse_flagstat_result        1              1              1
samtools_flagstat            1              1              1
samtools_sort                1              1              1
samtools_view                1              1              1
total                        7              1              1

Select jobs to execute...

[Fri Nov  4 11:53:00 2022]
rule minimap2_ref_indexing:
    input: ../data/GCF_000005845.2_ASM584v2_genomic.fna
    output: ../minimap2-results/GCF_000005845.2_ASM584v2_genomic.mmi
    jobid: 6
    reason: Missing output files: ../minimap2-results/GCF_000005845.2_ASM584v2_genomic.mmi
    wildcards: ref_sample=GCF_000005845.2_ASM584v2_genomic
    resources: tmpdir=/tmp

[Fri Nov  4 11:53:00 2022]
Finished job 6.
1 of 7 steps (14%) done
Select jobs to execute...

[Fri Nov  4 11:53:00 2022]
rule minimap2_mapping:
    input: ../minimap2-results/GCF_000005845.2_ASM584v2_genomic.mmi, ../data/SRR12717711.fastq
    output: ../minimap2-results/GCF_000005845.2_ASM584v2_genomic_SRR12717711.sam
    jobid: 5
    reason: Missing output files: ../minimap2-results/GCF_000005845.2_ASM584v2_genomic_SRR12717711.sam; Input files updated by another job: ../minimap2-results/GCF_000005845.2_ASM584v2_genomic.mmi
    wildcards: ref_sample=GCF_000005845.2_ASM584v2_genomic, sample=SRR12717711
    resources: tmpdir=/tmp

[Fri Nov  4 11:53:01 2022]
Finished job 5.
2 of 7 steps (29%) done
Select jobs to execute...

[Fri Nov  4 11:53:01 2022]
rule samtools_view:
    input: ../minimap2-results/GCF_000005845.2_ASM584v2_genomic_SRR12717711.sam
    output: ../samtools-results/GCF_000005845.2_ASM584v2_genomic_SRR12717711.bam
    jobid: 4
    reason: Missing output files: ../samtools-results/GCF_000005845.2_ASM584v2_genomic_SRR12717711.bam; Input files updated by another job: ../minimap2-results/GCF_000005845.2_ASM584v2_genomic_SRR12717711.sam
    wildcards: ref_sample=GCF_000005845.2_ASM584v2_genomic, sample=SRR12717711
    resources: tmpdir=/tmp

[Fri Nov  4 11:53:02 2022]
Finished job 4.
3 of 7 steps (43%) done
Select jobs to execute...

[Fri Nov  4 11:53:02 2022]
rule samtools_flagstat:
    input: ../samtools-results/GCF_000005845.2_ASM584v2_genomic_SRR12717711.bam
    output: ../samtools-results/GCF_000005845.2_ASM584v2_genomic_SRR12717711.txt
    jobid: 3
    reason: Missing output files: ../samtools-results/GCF_000005845.2_ASM584v2_genomic_SRR12717711.txt; Input files updated by another job: ../samtools-results/GCF_000005845.2_ASM584v2_genomic_SRR12717711.bam
    wildcards: ref_sample=GCF_000005845.2_ASM584v2_genomic, sample=SRR12717711
    resources: tmpdir=/tmp

[Fri Nov  4 11:53:02 2022]
Finished job 3.
4 of 7 steps (57%) done
Select jobs to execute...

[Fri Nov  4 11:53:02 2022]
rule parse_flagstat_result:
    input: ../samtools-results/GCF_000005845.2_ASM584v2_genomic_SRR12717711.txt
    output: ../GCF_000005845.2_ASM584v2_genomic_SRR12717711_report.txt
    jobid: 2
    reason: Missing output files: ../GCF_000005845.2_ASM584v2_genomic_SRR12717711_report.txt; Input files updated by another job: ../samtools-results/GCF_000005845.2_ASM584v2_genomic_SRR12717711.txt
    wildcards: ref_sample=GCF_000005845.2_ASM584v2_genomic, sample=SRR12717711
    resources: tmpdir=/tmp

[Fri Nov  4 11:53:02 2022]
Error in rule parse_flagstat_result:
    jobid: 2
    output: ../GCF_000005845.2_ASM584v2_genomic_SRR12717711_report.txt
    shell:
        ../parse.py ../samtools-results/GCF_000005845.2_ASM584v2_genomic_SRR12717711.txt > ../GCF_000005845.2_ASM584v2_genomic_SRR12717711_report.txt
        (one of the commands exited with non-zero exit code; note that snakemake uses bash strict mode!)

Removing output files of failed job parse_flagstat_result since they might be corrupted:
../GCF_000005845.2_ASM584v2_genomic_SRR12717711_report.txt
Shutting down, this might take some time.
Exiting because a job execution failed. Look above for error message
Complete log: .snakemake/log/2022-11-04T115300.674744.snakemake.log
