Building DAG of jobs...
Using shell: /usr/bin/bash
Provided cores: 1 (use --cores to define parallelism)
Rules claiming more threads will be scaled down.
Job stats:
job                      count    min threads    max threads
---------------------  -------  -------------  -------------
freebayes                    1              1              1
parse_flagstat_result        1              1              1
samtools_sort                1              1              1
total                        3              1              1

Select jobs to execute...

[Fri Nov  4 11:56:42 2022]
rule parse_flagstat_result:
    input: ../samtools-results/GCF_000005845.2_ASM584v2_genomic_SRR12717711.txt
    output: ../GCF_000005845.2_ASM584v2_genomic_SRR12717711_report.txt
    jobid: 2
    reason: Missing output files: ../GCF_000005845.2_ASM584v2_genomic_SRR12717711_report.txt; Code has changed since last execution
    wildcards: ref_sample=GCF_000005845.2_ASM584v2_genomic, sample=SRR12717711
    resources: tmpdir=/tmp

[Fri Nov  4 11:56:42 2022]
Finished job 2.
1 of 3 steps (33%) done
Select jobs to execute...

[Fri Nov  4 11:56:42 2022]
rule samtools_sort:
    input: ../GCF_000005845.2_ASM584v2_genomic_SRR12717711_report.txt, ../samtools-results/GCF_000005845.2_ASM584v2_genomic_SRR12717711.bam
    output: ../samtools-results/GCF_000005845.2_ASM584v2_genomic_SRR12717711.sorted.bam
    jobid: 1
    reason: Input files updated by another job: ../GCF_000005845.2_ASM584v2_genomic_SRR12717711_report.txt
    wildcards: ref_sample=GCF_000005845.2_ASM584v2_genomic, sample=SRR12717711
    resources: tmpdir=/tmp

[Fri Nov  4 11:56:42 2022]
Finished job 1.
2 of 3 steps (67%) done
Select jobs to execute...

[Fri Nov  4 11:56:42 2022]
rule freebayes:
    input: ../data/GCF_000005845.2_ASM584v2_genomic.fna, ../samtools-results/GCF_000005845.2_ASM584v2_genomic_SRR12717711.sorted.bam
    output: ../GCF_000005845.2_ASM584v2_genomic_SRR12717711.vcf
    jobid: 0
    reason: Input files updated by another job: ../samtools-results/GCF_000005845.2_ASM584v2_genomic_SRR12717711.sorted.bam
    wildcards: ref_sample=GCF_000005845.2_ASM584v2_genomic, sample=SRR12717711
    resources: tmpdir=/tmp

[Fri Nov  4 11:58:18 2022]
Finished job 0.
3 of 3 steps (100%) done
Complete log: .snakemake/log/2022-11-04T115642.316620.snakemake.log
