Building DAG of jobs...
Using shell: /usr/bin/bash
Provided cores: 1 (use --cores to define parallelism)
Rules claiming more threads will be scaled down.
Job stats:
job              count    min threads    max threads
-------------  -------  -------------  -------------
samtools_sort        1              1              1
total                1              1              1

Select jobs to execute...

[Fri Nov  4 10:56:07 2022]
rule samtools_sort:
    input: ../samtools-results/GCF_000005845.2_ASM584v2_genomic_SRR12717711.bam
    output: ../samtools-results/GCF_000005845.2_ASM584v2_genomic_SRR12717711.sorted.bam
    jobid: 1
    reason: Missing output files: ../samtools-results/GCF_000005845.2_ASM584v2_genomic_SRR12717711.sorted.bam
    wildcards: ref_sample=GCF_000005845.2_ASM584v2_genomic, sample=SRR12717711
    resources: tmpdir=/tmp

[Fri Nov  4 10:56:08 2022]
Finished job 1.
1 of 1 steps (100%) done
Complete log: .snakemake/log/2022-11-04T105607.795883.snakemake.log
