Building DAG of jobs...
Using shell: /usr/bin/bash
Provided cores: 1 (use --cores to define parallelism)
Rules claiming more threads will be scaled down.
Job stats:
job                      count    min threads    max threads
---------------------  -------  -------------  -------------
minimap2_mapping             1              1              1
minimap2_ref_indexing        1              1              1
total                        2              1              1

Select jobs to execute...

[Sun Oct 23 14:12:25 2022]
rule minimap2_ref_indexing:
    input: ../data/GCF_000005845.2_ASM584v2_genomic.fna
    output: ../minimap2-results/GCF_000005845.2_ASM584v2_genomic.mmi
    jobid: 1
    reason: Missing output files: ../minimap2-results/GCF_000005845.2_ASM584v2_genomic.mmi
    wildcards: ref_sample=GCF_000005845.2_ASM584v2_genomic
    resources: tmpdir=/tmp

[Sun Oct 23 14:12:25 2022]
Finished job 1.
1 of 2 steps (50%) done
Select jobs to execute...

[Sun Oct 23 14:12:25 2022]
rule minimap2_mapping:
    input: ../minimap2-results/GCF_000005845.2_ASM584v2_genomic.mmi, ../data/SRR12717711.fastq
    output: ../minimap2-results/GCF_000005845.2_ASM584v2_genomic_SRR12717711.sam
    jobid: 0
    reason: Missing output files: ../minimap2-results/GCF_000005845.2_ASM584v2_genomic_SRR12717711.sam; Input files updated by another job: ../minimap2-results/GCF_000005845.2_ASM584v2_genomic.mmi
    wildcards: ref_sample=GCF_000005845.2_ASM584v2_genomic, sample=SRR12717711
    resources: tmpdir=/tmp

[Sun Oct 23 14:12:26 2022]
Finished job 0.
2 of 2 steps (100%) done
Complete log: .snakemake/log/2022-10-23T141225.198699.snakemake.log
